<?xml version="1.0" encoding="UTF-8" standalone="no"?>
<testsuite failures="0" name="cucumber.runtime.formatter.JUnitFormatter" skipped="0" tests="1" time="9.45779">
<testcase classname="Login Functinality" name="Facebook Login Functionality" time="9.45779">
<system-out><![CDATA[Given User is on Steps.login page.................................................passed
Then user enter username & Password.........................................passed
Then user should be navigates to otp page...................................passed
]]></system-out>
</testcase>
</testsuite>
